<?xml version="1.0" encoding="utf-8"?><testsuites name="pytest tests"><testsuite name="pytest" errors="0" failures="0" skipped="0" tests="17" time="3.413" timestamp="2026-03-25T06:47:27.665065+00:00" hostname="agent-env-31ae5a94-475e-4bb7-984c-2e9535103d1d"><testcase classname="backend.tests.test_iteration10_features.TestVehicleDataEndpoint" name="test_vehicle_data_returns_fuel_pct" time="0.204" /><testcase classname="backend.tests.test_iteration10_features.TestVehicleDataEndpoint" name="test_vehicle_data_returns_coolant_temp_c" time="0.131" /><testcase classname="backend.tests.test_iteration10_features.TestVehicleDataEndpoint" name="test_vehicle_data_returns_battery_voltage" time="0.130" /><testcase classname="backend.tests.test_iteration10_features.TestVehicleDataEndpoint" name="test_vehicle_data_returns_oil_pressure_psi" time="0.153" /><testcase classname="backend.tests.test_iteration10_features.TestVehicleDataEndpoint" name="test_vehicle_data_returns_turn_signals" time="0.144" /><testcase classname="backend.tests.test_iteration10_features.TestVehicleDataEndpoint" name="test_vehicle_data_returns_rpm_and_speed" time="0.094" /><testcase classname="backend.tests.test_iteration10_features.TestVehicleDataEndpoint" name="test_vehicle_data_returns_warning_flags" time="0.096" /><testcase classname="backend.tests.test_iteration10_features.TestVehicleDataEndpoint" name="test_vehicle_data_returns_lights_status" time="0.193" /><testcase classname="backend.tests.test_iteration10_features.TestDHUStatusEndpoint" name="test_dhu_status_returns_200" time="0.122" /><testcase classname="backend.tests.test_iteration10_features.TestDHUDeviceEventEndpoint" name="test_device_event_connected_returns_prompt_needed" time="0.458" /><testcase classname="backend.tests.test_iteration10_features.TestDHUDeviceEventEndpoint" name="test_device_event_disconnected_returns_stopped" time="0.727" /><testcase classname="backend.tests.test_iteration10_features.TestDiagnosticsEndpoint" name="test_diagnostics_returns_fuel_data" time="0.104" /><testcase classname="backend.tests.test_iteration10_features.TestDiagnosticsEndpoint" name="test_diagnostics_returns_electrical_data" time="0.095" /><testcase classname="backend.tests.test_iteration10_features.TestDiagnosticsEndpoint" name="test_diagnostics_returns_oil_data" time="0.107" /><testcase classname="backend.tests.test_iteration10_features.TestDiagnosticsEndpoint" name="test_diagnostics_returns_engine_data" time="0.095" /><testcase classname="backend.tests.test_iteration10_features.TestThemesEndpoint" name="test_themes_returns_list" time="0.128" /><testcase classname="backend.tests.test_iteration10_features.TestSettingsEndpoint" name="test_settings_returns_200" time="0.310" /></testsuite></testsuites>