<?xml version="1.0" encoding="utf-8"?><testsuites name="pytest tests"><testsuite name="pytest" errors="0" failures="0" skipped="0" tests="14" time="6.865" timestamp="2026-03-24T11:38:51.053709+00:00" hostname="agent-env-f2196ee5-7a2d-4b8e-aa06-939c758e4585"><testcase classname="backend.tests.test_bug_fixes_iteration9.TestDHUStatusEndpoint" name="test_status_returns_phone_connected_false_no_adb" time="0.304" /><testcase classname="backend.tests.test_bug_fixes_iteration9.TestDHUStatusEndpoint" name="test_status_returns_device_event_when_pending" time="0.404" /><testcase classname="backend.tests.test_bug_fixes_iteration9.TestDeviceEventEndpoint" name="test_new_device_returns_prompt_needed" time="0.429" /><testcase classname="backend.tests.test_bug_fixes_iteration9.TestDeviceEventEndpoint" name="test_known_device_with_skip_prompt_returns_auto_launched" time="0.599" /><testcase classname="backend.tests.test_bug_fixes_iteration9.TestDeviceEventEndpoint" name="test_known_device_fullscreen_mode" time="0.497" /><testcase classname="backend.tests.test_bug_fixes_iteration9.TestDeviceEventEndpoint" name="test_disconnected_stops_dhu" time="0.802" /><testcase classname="backend.tests.test_bug_fixes_iteration9.TestDeviceEventEndpoint" name="test_unknown_action_returns_ignored" time="0.147" /><testcase classname="backend.tests.test_bug_fixes_iteration9.TestDevicePreferencesEndpoint" name="test_save_device_preferences" time="0.377" /><testcase classname="backend.tests.test_bug_fixes_iteration9.TestDevicePreferencesEndpoint" name="test_save_bluetooth_connection_type" time="0.349" /><testcase classname="backend.tests.test_bug_fixes_iteration9.TestDevicePreferencesEndpoint" name="test_get_unknown_device_returns_not_found" time="0.119" /><testcase classname="backend.tests.test_bug_fixes_iteration9.TestDevicePreferencesEndpoint" name="test_delete_device_preferences" time="0.391" /><testcase classname="backend.tests.test_bug_fixes_iteration9.TestDevicesListEndpoint" name="test_list_devices" time="0.335" /><testcase classname="backend.tests.test_bug_fixes_iteration9.TestDHUStartStopEndpoints" name="test_dhu_start_endpoint_exists" time="0.179" /><testcase classname="backend.tests.test_bug_fixes_iteration9.TestDHUStartStopEndpoints" name="test_dhu_stop_endpoint_exists" time="1.853" /></testsuite></testsuites>