<?xml version="1.0" encoding="utf-8"?><testsuites name="pytest tests"><testsuite name="pytest" errors="0" failures="0" skipped="0" tests="15" time="5.986" timestamp="2026-03-26T08:31:43.079088+00:00" hostname="agent-env-31ae5a94-475e-4bb7-984c-2e9535103d1d"><testcase classname="backend.tests.test_iteration11_phase3.TestPhase3ModelBasedDeviceID" name="test_device_event_with_device_model_field" time="0.891" /><testcase classname="backend.tests.test_iteration11_phase3.TestPhase3ModelBasedDeviceID" name="test_save_preferences_keyed_by_model" time="0.797" /><testcase classname="backend.tests.test_iteration11_phase3.TestPhase3ModelBasedDeviceID" name="test_get_preferences_by_model_name" time="0.942" /><testcase classname="backend.tests.test_iteration11_phase3.TestPhase3ModelBasedDeviceID" name="test_delete_preferences_by_model" time="1.092" /><testcase classname="backend.tests.test_iteration11_phase3.TestPhase3ModelBasedDeviceID" name="test_same_model_different_serial_auto_launches" time="0.875" /><testcase classname="backend.tests.test_iteration11_phase3.TestPhase2SimplifiedDHU" name="test_dhu_start_no_mode_params" time="0.179" /><testcase classname="backend.tests.test_iteration11_phase3.TestPhase2SimplifiedDHU" name="test_dhu_resize_endpoint_removed" time="0.120" /><testcase classname="backend.tests.test_iteration11_phase3.TestPhase2SimplifiedDHU" name="test_dhu_status_returns_phone_connected" time="0.125" /><testcase classname="backend.tests.test_iteration11_phase3.TestPhase2SimplifiedDHU" name="test_dhu_devices_list" time="0.115" /><testcase classname="backend.tests.test_iteration11_phase3.TestPhase1TurnSignals" name="test_vehicle_data_has_turn_signals" time="0.094" /><testcase classname="backend.tests.test_iteration11_phase3.TestBasicEndpoints" name="test_api_root" time="0.135" /><testcase classname="backend.tests.test_iteration11_phase3.TestBasicEndpoints" name="test_vehicle_data" time="0.143" /><testcase classname="backend.tests.test_iteration11_phase3.TestBasicEndpoints" name="test_themes" time="0.096" /><testcase classname="backend.tests.test_iteration11_phase3.TestBasicEndpoints" name="test_settings" time="0.110" /><testcase classname="backend.tests.test_iteration11_phase3.TestBasicEndpoints" name="test_diagnostics" time="0.149" /></testsuite></testsuites>