<?xml version="1.0" encoding="utf-8"?><testsuites name="pytest tests"><testsuite name="pytest" errors="0" failures="0" skipped="0" tests="16" time="7.195" timestamp="2026-03-24T11:11:01.745766+00:00" hostname="agent-env-f2196ee5-7a2d-4b8e-aa06-939c758e4585"><testcase classname="tests.test_device_preferences.TestDeviceEventAPI" name="test_device_connected_new_device_returns_prompt_needed" time="0.354" /><testcase classname="tests.test_device_preferences.TestDeviceEventAPI" name="test_device_connected_known_device_with_skip_prompt_returns_auto_launched" time="1.018" /><testcase classname="tests.test_device_preferences.TestDeviceEventAPI" name="test_device_connected_known_device_fullscreen_mode" time="0.993" /><testcase classname="tests.test_device_preferences.TestDeviceEventAPI" name="test_device_disconnected_returns_stopped" time="0.622" /><testcase classname="tests.test_device_preferences.TestDeviceEventAPI" name="test_device_event_unknown_action_returns_ignored" time="0.114" /><testcase classname="tests.test_device_preferences.TestDHUStatusWithDeviceEvent" name="test_status_returns_pending_device_event" time="0.644" /><testcase classname="tests.test_device_preferences.TestDHUStatusWithDeviceEvent" name="test_status_returns_status_field" time="0.136" /><testcase classname="tests.test_device_preferences.TestDevicePreferencesAPI" name="test_save_device_preferences" time="0.450" /><testcase classname="tests.test_device_preferences.TestDevicePreferencesAPI" name="test_save_device_preferences_bluetooth" time="0.293" /><testcase classname="tests.test_device_preferences.TestDevicePreferencesAPI" name="test_get_device_preferences_found" time="0.335" /><testcase classname="tests.test_device_preferences.TestDevicePreferencesAPI" name="test_get_device_preferences_not_found" time="0.102" /><testcase classname="tests.test_device_preferences.TestDevicePreferencesAPI" name="test_delete_device_preferences" time="0.319" /><testcase classname="tests.test_device_preferences.TestDevicePreferencesAPI" name="test_delete_device_preferences_not_found" time="0.107" /><testcase classname="tests.test_device_preferences.TestDevicePreferencesAPI" name="test_update_device_preferences" time="0.505" /><testcase classname="tests.test_device_preferences.TestListKnownDevices" name="test_list_known_devices" time="0.723" /><testcase classname="tests.test_device_preferences.TestListKnownDevices" name="test_list_devices_returns_all_fields" time="0.411" /></testsuite></testsuites>