<?xml version="1.0" encoding="utf-8"?><testsuites name="pytest tests"><testsuite name="pytest" errors="0" failures="0" skipped="0" tests="17" time="6.019" timestamp="2026-03-24T10:41:33.657004+00:00" hostname="agent-env-f2196ee5-7a2d-4b8e-aa06-939c758e4585"><testcase classname="tests.test_dhu_p1_modes.TestDHUStartWithMode" name="test_dhu_start_embedded_mode_returns_200" time="0.376" /><testcase classname="tests.test_dhu_p1_modes.TestDHUStartWithMode" name="test_dhu_start_embedded_mode_has_status" time="0.190" /><testcase classname="tests.test_dhu_p1_modes.TestDHUStartWithMode" name="test_dhu_start_fullscreen_mode_returns_200" time="0.177" /><testcase classname="tests.test_dhu_p1_modes.TestDHUStartWithMode" name="test_dhu_start_fullscreen_mode_has_status" time="0.198" /><testcase classname="tests.test_dhu_p1_modes.TestDHUStartWithMode" name="test_dhu_start_default_mode_is_embedded" time="0.140" /><testcase classname="tests.test_dhu_p1_modes.TestDHUResizeEndpoint" name="test_dhu_resize_embedded_returns_200" time="0.130" /><testcase classname="tests.test_dhu_p1_modes.TestDHUResizeEndpoint" name="test_dhu_resize_embedded_has_status" time="0.182" /><testcase classname="tests.test_dhu_p1_modes.TestDHUResizeEndpoint" name="test_dhu_resize_fullscreen_returns_200" time="0.155" /><testcase classname="tests.test_dhu_p1_modes.TestDHUResizeEndpoint" name="test_dhu_resize_fullscreen_has_status" time="0.181" /><testcase classname="tests.test_dhu_p1_modes.TestDHUResizeEndpoint" name="test_dhu_resize_when_not_running_returns_error" time="0.782" /><testcase classname="tests.test_dhu_p1_modes.TestDHUStatusEndpoint" name="test_dhu_status_returns_200" time="0.132" /><testcase classname="tests.test_dhu_p1_modes.TestDHUStatusEndpoint" name="test_dhu_status_has_status_field" time="0.174" /><testcase classname="tests.test_dhu_p1_modes.TestDHUStatusEndpoint" name="test_dhu_status_valid_values" time="0.138" /><testcase classname="tests.test_dhu_p1_modes.TestDHUStopEndpoint" name="test_dhu_stop_returns_200" time="0.614" /><testcase classname="tests.test_dhu_p1_modes.TestDHUStopEndpoint" name="test_dhu_stop_returns_stopped_status" time="0.619" /><testcase classname="tests.test_dhu_p1_modes.TestDHUModeWorkflow" name="test_start_embedded_then_stop" time="0.866" /><testcase classname="tests.test_dhu_p1_modes.TestDHUModeWorkflow" name="test_start_fullscreen_then_stop" time="0.761" /></testsuite></testsuites>