<?xml version="1.0" encoding="utf-8"?><testsuites name="pytest tests"><testsuite name="pytest" errors="0" failures="0" skipped="0" tests="25" time="3.080" timestamp="2026-01-07T06:30:25.845150+00:00" hostname="agent-env-8d0d8207-8e3a-4806-ab3e-431d7d5c7709"><testcase classname="tests.test_vehicle_hmi_api.TestVehicleDataAPI" name="test_vehicle_data_returns_200" time="0.065" /><testcase classname="tests.test_vehicle_hmi_api.TestVehicleDataAPI" name="test_vehicle_data_has_required_fields" time="0.037" /><testcase classname="tests.test_vehicle_hmi_api.TestVehicleDataAPI" name="test_vehicle_data_rpm_in_valid_range" time="0.035" /><testcase classname="tests.test_vehicle_hmi_api.TestVehicleDataAPI" name="test_vehicle_data_speed_in_valid_range" time="0.033" /><testcase classname="tests.test_vehicle_hmi_api.TestVehicleDataAPI" name="test_vehicle_data_gear_in_valid_range" time="0.039" /><testcase classname="tests.test_vehicle_hmi_api.TestVehicleDataAPI" name="test_vehicle_data_fuel_percentage" time="0.046" /><testcase classname="tests.test_vehicle_hmi_api.TestVehicleDataAPI" name="test_vehicle_data_boolean_fields" time="0.144" /><testcase classname="tests.test_vehicle_hmi_api.TestSettingsAPI" name="test_get_settings_returns_200" time="0.039" /><testcase classname="tests.test_vehicle_hmi_api.TestSettingsAPI" name="test_get_settings_has_required_fields" time="0.037" /><testcase classname="tests.test_vehicle_hmi_api.TestSettingsAPI" name="test_post_settings_update_theme" time="0.104" /><testcase classname="tests.test_vehicle_hmi_api.TestSettingsAPI" name="test_post_settings_update_brightness" time="0.123" /><testcase classname="tests.test_vehicle_hmi_api.TestSettingsAPI" name="test_post_settings_update_warning_sounds" time="0.071" /><testcase classname="tests.test_vehicle_hmi_api.TestThemesAPI" name="test_get_themes_returns_200" time="0.033" /><testcase classname="tests.test_vehicle_hmi_api.TestThemesAPI" name="test_get_themes_returns_list" time="0.040" /><testcase classname="tests.test_vehicle_hmi_api.TestThemesAPI" name="test_themes_have_required_fields" time="0.041" /><testcase classname="tests.test_vehicle_hmi_api.TestThemesAPI" name="test_get_specific_theme" time="0.034" /><testcase classname="tests.test_vehicle_hmi_api.TestDHUAPI" name="test_dhu_status_returns_200" time="0.038" /><testcase classname="tests.test_vehicle_hmi_api.TestDHUAPI" name="test_dhu_status_has_status_field" time="0.032" /><testcase classname="tests.test_vehicle_hmi_api.TestDiagnosticsAPI" name="test_diagnostics_returns_200" time="0.036" /><testcase classname="tests.test_vehicle_hmi_api.TestDiagnosticsAPI" name="test_diagnostics_has_sections" time="0.035" /><testcase classname="tests.test_vehicle_hmi_api.TestDiagnosticsAPI" name="test_diagnostics_engine_data" time="0.037" /><testcase classname="tests.test_vehicle_hmi_api.TestPollingPerformance" name="test_multiple_requests_performance" time="1.173" /><testcase classname="tests.test_vehicle_hmi_api.TestPollingPerformance" name="test_data_changes_over_time" time="0.571" /><testcase classname="tests.test_vehicle_hmi_api.TestAPIRoot" name="test_api_root_returns_200" time="0.074" /><testcase classname="tests.test_vehicle_hmi_api.TestAPIRoot" name="test_api_root_returns_version" time="0.033" /></testsuite></testsuites>