<?xml version="1.0" encoding="utf-8"?><testsuites name="pytest tests"><testsuite name="pytest" errors="0" failures="0" skipped="0" tests="39" time="9.994" timestamp="2026-03-24T09:43:50.377261+00:00" hostname="agent-env-f2196ee5-7a2d-4b8e-aa06-939c758e4585"><testcase classname="tests.test_dhu_android_auto.TestDHUStatusEndpoint" name="test_dhu_status_returns_200" time="0.167" /><testcase classname="tests.test_dhu_android_auto.TestDHUStatusEndpoint" name="test_dhu_status_has_status_field" time="0.144" /><testcase classname="tests.test_dhu_android_auto.TestDHUStatusEndpoint" name="test_dhu_status_valid_values" time="0.167" /><testcase classname="tests.test_dhu_android_auto.TestDHUStartEndpoint" name="test_dhu_start_returns_200" time="0.159" /><testcase classname="tests.test_dhu_android_auto.TestDHUStartEndpoint" name="test_dhu_start_has_status_field" time="0.172" /><testcase classname="tests.test_dhu_android_auto.TestDHUStartEndpoint" name="test_dhu_start_has_message_field" time="0.135" /><testcase classname="tests.test_dhu_android_auto.TestDHUStartEndpoint" name="test_dhu_start_valid_status_values" time="0.133" /><testcase classname="tests.test_dhu_android_auto.TestDHUStopEndpoint" name="test_dhu_stop_returns_200" time="0.616" /><testcase classname="tests.test_dhu_android_auto.TestDHUStopEndpoint" name="test_dhu_stop_has_status_field" time="0.663" /><testcase classname="tests.test_dhu_android_auto.TestDHUStopEndpoint" name="test_dhu_stop_returns_stopped_status" time="0.626" /><testcase classname="tests.test_dhu_android_auto.TestDHUStopEndpoint" name="test_dhu_stop_has_message" time="0.611" /><testcase classname="tests.test_dhu_android_auto.TestDHUWorkflow" name="test_status_after_stop" time="0.784" /><testcase classname="tests.test_dhu_android_auto.TestVehicleDataOilPressure" name="test_vehicle_data_has_oil_pressure" time="0.101" /><testcase classname="tests.test_dhu_android_auto.TestVehicleDataOilPressure" name="test_oil_pressure_in_valid_range" time="0.103" /><testcase classname="tests.test_vehicle_hmi_api.TestVehicleDataAPI" name="test_vehicle_data_returns_200" time="0.114" /><testcase classname="tests.test_vehicle_hmi_api.TestVehicleDataAPI" name="test_vehicle_data_has_required_fields" time="0.114" /><testcase classname="tests.test_vehicle_hmi_api.TestVehicleDataAPI" name="test_vehicle_data_rpm_in_valid_range" time="0.109" /><testcase classname="tests.test_vehicle_hmi_api.TestVehicleDataAPI" name="test_vehicle_data_speed_in_valid_range" time="0.098" /><testcase classname="tests.test_vehicle_hmi_api.TestVehicleDataAPI" name="test_vehicle_data_gear_in_valid_range" time="0.116" /><testcase classname="tests.test_vehicle_hmi_api.TestVehicleDataAPI" name="test_vehicle_data_fuel_percentage" time="0.102" /><testcase classname="tests.test_vehicle_hmi_api.TestVehicleDataAPI" name="test_vehicle_data_boolean_fields" time="0.099" /><testcase classname="tests.test_vehicle_hmi_api.TestSettingsAPI" name="test_get_settings_returns_200" time="0.103" /><testcase classname="tests.test_vehicle_hmi_api.TestSettingsAPI" name="test_get_settings_has_required_fields" time="0.105" /><testcase classname="tests.test_vehicle_hmi_api.TestSettingsAPI" name="test_post_settings_update_theme" time="0.296" /><testcase classname="tests.test_vehicle_hmi_api.TestSettingsAPI" name="test_post_settings_update_brightness" time="0.250" /><testcase classname="tests.test_vehicle_hmi_api.TestSettingsAPI" name="test_post_settings_update_warning_sounds" time="0.260" /><testcase classname="tests.test_vehicle_hmi_api.TestThemesAPI" name="test_get_themes_returns_200" time="0.139" /><testcase classname="tests.test_vehicle_hmi_api.TestThemesAPI" name="test_get_themes_returns_list" time="0.135" /><testcase classname="tests.test_vehicle_hmi_api.TestThemesAPI" name="test_themes_have_required_fields" time="0.102" /><testcase classname="tests.test_vehicle_hmi_api.TestThemesAPI" name="test_get_specific_theme" time="0.100" /><testcase classname="tests.test_vehicle_hmi_api.TestDHUAPI" name="test_dhu_status_returns_200" time="0.129" /><testcase classname="tests.test_vehicle_hmi_api.TestDHUAPI" name="test_dhu_status_has_status_field" time="0.129" /><testcase classname="tests.test_vehicle_hmi_api.TestDiagnosticsAPI" name="test_diagnostics_returns_200" time="0.094" /><testcase classname="tests.test_vehicle_hmi_api.TestDiagnosticsAPI" name="test_diagnostics_has_sections" time="0.096" /><testcase classname="tests.test_vehicle_hmi_api.TestDiagnosticsAPI" name="test_diagnostics_engine_data" time="0.100" /><testcase classname="tests.test_vehicle_hmi_api.TestPollingPerformance" name="test_multiple_requests_performance" time="1.629" /><testcase classname="tests.test_vehicle_hmi_api.TestPollingPerformance" name="test_data_changes_over_time" time="0.706" /><testcase classname="tests.test_vehicle_hmi_api.TestAPIRoot" name="test_api_root_returns_200" time="0.110" /><testcase classname="tests.test_vehicle_hmi_api.TestAPIRoot" name="test_api_root_returns_version" time="0.098" /></testsuite></testsuites>